{"logLevel":"debug","message":"multithreading is set to false"}
{"logLevel":"debug","message":"Using reflection to scan dependencies for gauge implementations..."}
log4j:WARN No appenders could be found for logger (io.grpc.netty.shaded.io.netty.util.internal.logging.InternalLoggerFactory).
log4j:WARN Please initialize the log4j system properly.
log4j:WARN See http://logging.apache.org/log4j/1.2/faq.html#noconfig for more info.
{"logLevel":"debug","message":"gauge-java took 804milliseconds to load and scan. This should be less than 'runner_connection_timeout' config value."}
{"logLevel":"debug","message":"run 'gauge config runner_connection_timeout' and verify that it is < 804"}
{"logLevel":"debug","message":"starting gRPC server..."}
{"logLevel":"debug","message":"started gRPC server on port 61233"}
{"logLevel":"info","message":"Listening on port:61233"}
{"logLevel":"debug","message":"Scanning packages for steps"}
{"logLevel":"debug","message":"Comparing 'com.testinium.thyappium.StepImplementation.clickBYid' and 'com.testinium.thyappium.StepImplementation.clickBYid'"}
{"logLevel":"debug","message":"Found {} id li elementi bul ve tıkla in current project scope."}
{"logLevel":"debug","message":"Comparing 'com.testinium.thyappium.StepImplementation.waitForSeceond' and 'com.testinium.thyappium.StepImplementation.waitForSeceond'"}
{"logLevel":"debug","message":"Found {} saniye bekle in current project scope."}
{"logLevel":"debug","message":"Scanning packages for hooks"}
{"logLevel":"debug","message":"Scanned steps (using static parsing + reflections): "}
{"logLevel":"debug","message":"\t{} saniye bekle : public void waitForSeceond(ınt number) throws InterruptedException"}
{"logLevel":"debug","message":"\t{} id li elementi bul ve tıkla : public void clickBYid(String key)"}
!!!!!!!!!!!!!!!!!!!!!!!!!!!Test baslyor!!!!!!!!!!!!!!!!!!!!!!!!!!!!!
!!!!!!!!!!!!!!!!!!!!!!!!!!!!!!!!!!!!
Haz 15, 2021 7:45:09 PM io.appium.java_client.remote.AppiumCommandExecutor$1 lambda$0
INFO: Detected dialect: W3C
{"logLevel":"debug","message":"Executing '{} saniye bekle' using 'class com.testinium.thyappium.StepImplementation.waitForSeceond"}
{"logLevel":"debug","message":"Executing '{} id li elementi bul ve tıkla' using 'class com.testinium.thyappium.StepImplementation.clickBYid"}
{"logLevel":"debug","message":"Executing '{} id li elementi bul ve tıkla' using 'class com.testinium.thyappium.StepImplementation.clickBYid"}
{"logLevel":"debug","message":"Killing Java runner..."}
{"logLevel":"debug","message":"Stopping execution pool..."}
{"logLevel":"debug","message":"Shutting down grpc server..."}
{"logLevel":"debug","message":"Runner killed gracefully."}
